Package 'node-yjs' is not installed, so not removed
Package 'node-y-protocols' is not installed, so not removed
Package 'node-y-websocket' is not installed, so not removed
Package 'node-y18n' is not installed, so not removed
Package 'node-yajsml' is not installed, so not removed
Package 'node-yamlish' is not installed, so not removed
Package 'node-yazl' is not installed, so not removed
Package 'node-yn' is not installed, so not removed
Package 'node-ytdl-core' is not installed, so not removed
Package 'node-zkochan-cmd-shim' is not installed, so not removed
Package 'node-zrender' is not installed, so not removed
The following packages will be REMOVED:
  nodejs*
0 upgraded, 0 newly installed, 1 to remove and 1 not upgraded.
After this operation, 199 MB disk space will be freed.
(Reading database ... 133277 files and directories currently installed.)
Removing nodejs (20.19.4-1nodesource1) ...
dpkg: warning: while removing nodejs, directory '/usr/lib/node_modules' not empty so not removed
Processing triggers for man-db (2.12.0-4build2) ...
[15:10:00] üóÉÔ∏è Limpando banco de dados...
You are now connected to database "samureye" as user "samureye_user".
DROP SCHEMA
CREATE SCHEMA
GRANT
GRANT
            status
-------------------------------
 Database cleaned successfully
(1 row)

[15:10:00] ‚úÖ Banco de dados limpo
[15:10:00] üîÑ Atualizando sistema...
Hit:1 https://deb.nodesource.com/node_20.x nodistro InRelease
Hit:2 http://archive.ubuntu.com/ubuntu noble InRelease
Get:3 http://security.ubuntu.com/ubuntu noble-security InRelease [126 kB]
Get:4 http://archive.ubuntu.com/ubuntu noble-updates InRelease [126 kB]
Get:5 http://security.ubuntu.com/ubuntu noble-security/main amd64 c-n-f Metadata [8,708 B]
Hit:6 http://archive.ubuntu.com/ubuntu noble-backports InRelease
Get:7 http://archive.ubuntu.com/ubuntu noble-updates/main amd64 Packages [1,389 kB]
Fetched 1,650 kB in 3s (519 kB/s)
Reading package lists... Done
Reading package lists... Done
Building dependency tree... Done
Reading state information... Done
Calculating upgrade... Done
The following packages have been kept back:
  sosreport
0 upgraded, 0 newly installed, 0 to remove and 1 not upgraded.
[15:10:11] üì¶ Instalando depend√™ncias b√°sicas...
Reading package lists... Done
Building dependency tree... Done
Reading state information... Done
curl is already the newest version (8.5.0-2ubuntu10.6).
wget is already the newest version (1.21.4-1ubuntu4.1).
git is already the newest version (1:2.43.0-1ubuntu7.3).
unzip is already the newest version (6.0-28ubuntu4.1).
build-essential is already the newest version (12.10ubuntu1).
python3 is already the newest version (3.12.3-0ubuntu2).
python3-pip is already the newest version (24.0+dfsg-1ubuntu1.2).
postgresql-client is already the newest version (16+257build1.1).
netcat-openbsd is already the newest version (1.226-1ubuntu2).
jq is already the newest version (1.7.1-3ubuntu0.24.04.1).
htop is already the newest version (3.3.0-4build1).
nano is already the newest version (7.2-2ubuntu0.1).
ca-certificates is already the newest version (20240203).
gnupg is already the newest version (2.4.4-2ubuntu17.3).
lsb-release is already the newest version (12.0-2).
0 upgraded, 0 newly installed, 0 to remove and 1 not upgraded.
[15:10:12] ‚úÖ Depend√™ncias b√°sicas instaladas
[15:10:12] üì¶ Instalando Node.js 20...
Reading package lists... Done
Building dependency tree... Done
Reading state information... Done
Reading package lists... Done
Building dependency tree... Done
Reading state information... Done
Reading package lists... Done
Building dependency tree... Done
Reading state information... Done
0 upgraded, 0 newly installed, 0 to remove and 1 not upgraded.
[15:10:13] üîß Configurando reposit√≥rio NodeSource...
Hit:1 https://deb.nodesource.com/node_20.x nodistro InRelease
Hit:2 http://security.ubuntu.com/ubuntu noble-security InRelease
Hit:3 http://archive.ubuntu.com/ubuntu noble InRelease
Hit:4 http://archive.ubuntu.com/ubuntu noble-updates InRelease
Hit:5 http://archive.ubuntu.com/ubuntu noble-backports InRelease
Reading package lists... Done
Reading package lists... Done
Building dependency tree... Done
Reading state information... Done
The following NEW packages will be installed:
  nodejs
0 upgraded, 1 newly installed, 0 to remove and 1 not upgraded.
Need to get 32.0 MB of archives.
After this operation, 199 MB of additional disk space will be used.
Get:1 https://deb.nodesource.com/node_20.x nodistro/main amd64 nodejs amd64 20.19.4-1nodesource1 [32.0 MB]
Fetched 32.0 MB in 1s (43.2 MB/s)
Selecting previously unselected package nodejs.
(Reading database ... 127914 files and directories currently installed.)
Preparing to unpack .../nodejs_20.19.4-1nodesource1_amd64.deb ...
Unpacking nodejs (20.19.4-1nodesource1) ...
Setting up nodejs (20.19.4-1nodesource1) ...
Processing triggers for man-db (2.12.0-4build2) ...
Scanning processes...
Scanning candidates...
Scanning linux images...

Pending kernel upgrade!
Running kernel version:
  6.8.0-41-generic
Diagnostics:
  The currently running kernel version is not the expected kernel version 6.8.0-79-generic.

Restarting the system to load the new kernel will not be handled automatically, so you should consider rebooting.

Restarting services...

Service restarts being deferred:
 /etc/needrestart/restart.d/dbus.service
 systemctl restart getty@tty1.service
 systemctl restart systemd-logind.service
 systemctl restart unattended-upgrades.service

No containers need to be restarted.

No user sessions are running outdated binaries.

No VM guests are running outdated hypervisor (qemu) binaries on this host.
[15:10:25] üîç Verificando instala√ß√£o Node.js...
[15:10:25] ‚úÖ Node.js instalado: v20.19.4
[15:10:25] ‚úÖ npm instalado: 10.8.2
[15:10:25] üîß Instalando ferramentas globais...
[15:10:34] ‚úÖ Ferramentas globais instaladas
[15:10:34] üë§ Criando usu√°rio e estrutura de diret√≥rios...
[15:10:34] ‚úÖ Estrutura de diret√≥rios criada
[15:10:34] üì• Baixando aplica√ß√£o SamurEye...
Cloning into 'SamurEye'...
remote: Enumerating objects: 2874, done.
remote: Counting objects: 100% (275/275), done.
remote: Compressing objects: 100% (151/151), done.
remote: Total 2874 (delta 196), reused 171 (delta 95), pack-reused 2599 (from 2)
Receiving objects: 100% (2874/2874), 3.42 MiB | 8.49 MiB/s, done.
Resolving deltas: 100% (1988/1988), done.
[15:10:35] ‚úÖ Aplica√ß√£o baixada com sucesso
[15:10:35] ‚öôÔ∏è Configurando ambiente...
[15:10:35] ‚úÖ Arquivo .env criado
[15:10:35] üì¶ Instalando depend√™ncias npm...
npm warn deprecated node-domexception@1.0.0: Use your platform's native DOMException instead
npm warn deprecated @esbuild-kit/esm-loader@2.6.5: Merged into tsx: https://tsx.is
npm warn deprecated @esbuild-kit/core-utils@3.3.2: Merged into tsx: https://tsx.is

added 635 packages, and audited 636 packages in 12s

87 packages are looking for funding
  run `npm fund` for details

11 vulnerabilities (3 low, 8 moderate)

To address issues that do not require attention, run:
  npm audit fix

To address all issues (including breaking changes), run:
  npm audit fix --force

Run `npm audit` for details.
npm notice
npm notice New major version of npm available! 10.8.2 -> 11.5.2
npm notice Changelog: https://github.com/npm/cli/releases/tag/v11.5.2
npm notice To update run: npm install -g npm@11.5.2
npm notice
[15:10:48] ‚úÖ Depend√™ncias npm instaladas
[15:10:48] üî® Fazendo build da aplica√ß√£o...

> rest-express@1.0.0 build
> vite build && esbuild server/index.ts --platform=node --packages=external --bundle --format=esm --outdir=dist

vite v5.4.19 building for production...
transforming (3) src/main.tsxBrowserslist: browsers data (caniuse-lite) is 11 months old. Please run:
  npx update-browserslist-db@latest
  Why you should do it regularly: https://github.com/browserslist/update-db#readme
‚úì 2692 modules transformed.
../dist/public/index.html                   2.20 kB ‚îÇ gzip:   0.86 kB
../dist/public/assets/index-3RvnZlKd.css   68.17 kB ‚îÇ gzip:  11.88 kB
../dist/public/assets/index-B6BClJbt.js   670.11 kB ‚îÇ gzip: 192.33 kB

(!) Some chunks are larger than 500 kB after minification. Consider:
- Using dynamic import() to code-split the application
- Use build.rollupOptions.output.manualChunks to improve chunking: https://rollupjs.org/configuration-options/#output-manualchunks
- Adjust chunk size limit for this warning via build.chunkSizeWarningLimit.
‚úì built in 6.43s

  dist/index.js  100.5kb

‚ö° Done in 12ms
[15:10:55] ‚úÖ Build da aplica√ß√£o conclu√≠do
[15:10:55] üîß Corrigindo autentica√ß√£o admin no c√≥digo...
‚úÖ Endpoint /api/admin/me corrigido com sucesso
[15:10:55] ‚úÖ Endpoint /api/admin/me corrigido
[15:10:55] üîß Corrigindo redirecionamento admin p√≥s-login...
‚ö†Ô∏è Redirecionamento j√° corrigido
[15:10:55] ‚úÖ Redirecionamento admin corrigido
[15:10:55] üîß Corrigindo erros de autentica√ß√£o do dashboard...
‚úÖ 1 corre√ß√µes de autentica√ß√£o aplicadas
[15:10:55] ‚úÖ Erros de autentica√ß√£o do dashboard corrigidos
[15:10:55] üîß Corrigindo erro JavaScript no AttackSurfaceHeatmap...
‚ö†Ô∏è Corre√ß√£o j√° aplicada
[15:10:55] ‚úÖ Erro JavaScript no heatmap corrigido
[15:10:55] üîí Corrigindo bypass de autentica√ß√£o na rota /api/user...
‚úÖ Rota /api/user corrigida - agora requer autentica√ß√£o
[15:10:55] ‚úÖ Corre√ß√£o de autentica√ß√£o /api/user aplicada
[15:10:55] üîß Corrigindo erro de cria√ß√£o de tenant...
‚úÖ Logging de cria√ß√£o de tenant melhorado
[15:10:55] üîç Verificando conectividade com PostgreSQL...
[15:10:55] üîç Diagn√≥stico completo de conectividade...
[15:10:55] Host: 172.24.1.153
[15:10:55] Port: 5432
[15:10:55] Database: samureye
[15:10:55] User: samureye_user
[15:10:55] ‚úÖ Host 172.24.1.153 respondendo ao ping
[15:10:55] ‚úÖ PostgreSQL acess√≠vel em 172.24.1.153:5432
[15:10:55] ‚úÖ Autentica√ß√£o PostgreSQL funcionando
[15:10:55] üóÉÔ∏è Verificando schema do banco de dados...
[15:10:55] üóÉÔ∏è Sincronizando schema do banco de dados...

> rest-express@1.0.0 db:push
> drizzle-kit push

No config path provided, using default 'drizzle.config.ts'
Reading config file '/opt/samureye/SamurEye/drizzle.config.ts'
Using 'pg' driver for database querying
[‚úì] Pulling schema from database...
[‚úì] Changes applied
[15:10:56] ‚úÖ Schema sincronizado com sucesso via npm run db:push
[15:10:56] üìã Verificando tabelas criadas...
 activities
 collector_telemetry
 collectors
 credentials
 journeys
 sessions
 system_settings
 tenant_user_auth
 tenant_users
 tenants
 threat_intelligence
 users

[15:10:56] ‚úÖ Tabelas verificadas com sucesso

> rest-express@1.0.0 db:push
> drizzle-kit push

No config path provided, using default 'drizzle.config.ts'
Reading config file '/opt/samureye/SamurEye/drizzle.config.ts'
Using 'pg' driver for database querying
[‚úì] Pulling schema from database...
[i] No changes detected
[15:10:57] ‚úÖ Schema do banco de dados atualizado
[15:10:57] ‚úÖ Corre√ß√µes de cria√ß√£o de tenant aplicadas
[15:10:57] üî® Refazendo build ap√≥s todas as corre√ß√µes...

> rest-express@1.0.0 build
> vite build && esbuild server/index.ts --platform=node --packages=external --bundle --format=esm --outdir=dist

vite v5.4.19 building for production...
transforming (3) src/main.tsxBrowserslist: browsers data (caniuse-lite) is 11 months old. Please run:
  npx update-browserslist-db@latest
  Why you should do it regularly: https://github.com/browserslist/update-db#readme
‚úì 2692 modules transformed.
../dist/public/index.html                   2.20 kB ‚îÇ gzip:   0.86 kB
../dist/public/assets/index-3RvnZlKd.css   68.17 kB ‚îÇ gzip:  11.88 kB
../dist/public/assets/index-B6BClJbt.js   670.11 kB ‚îÇ gzip: 192.33 kB

(!) Some chunks are larger than 500 kB after minification. Consider:
- Using dynamic import() to code-split the application
- Use build.rollupOptions.output.manualChunks to improve chunking: https://rollupjs.org/configuration-options/#output-manualchunks
- Adjust chunk size limit for this warning via build.chunkSizeWarningLimit.
‚úì built in 6.43s

  dist/index.js  101.7kb

‚ö° Done in 11ms
[15:11:04] üîß Configurando servi√ßo systemd...
[15:11:04] ‚úÖ Servi√ßo systemd configurado
[15:11:04] üöÄ Iniciando aplica√ß√£o...
Created symlink /etc/systemd/system/multi-user.target.wants/samureye-app.service ‚Üí /etc/systemd/system/samureye-app.service.
[15:11:20] WARNING: ‚ùå Aplica√ß√£o falhou ao iniciar - realizando diagn√≥stico...
[15:11:20] üîç Verificando logs de erro:
=== √öLTIMOS ERROS ===
    at file:///opt/samureye/SamurEye/dist/index.js:2794:24
    at file:///opt/samureye/SamurEye/dist/index.js:2814:3
    at ModuleJob.run (node:internal/modules/esm/module_job:263:25)
    at async ModuleLoader.import (node:internal/modules/esm/loader:540:24)
    at async asyncRunEntryPointWithESMLoader (node:internal/modules/run_main:117:5)

Node.js v20.19.4
file:///opt/samureye/SamurEye/dist/index.js:1728
  app2.get("/api/user", isLocalUserAuthenticated, async (req, res) => {
                        ^

ReferenceError: Cannot access 'isLocalUserAuthenticated' before initialization
    at registerRoutes (file:///opt/samureye/SamurEye/dist/index.js:1728:25)
    at file:///opt/samureye/SamurEye/dist/index.js:2794:24
    at file:///opt/samureye/SamurEye/dist/index.js:2814:3
    at ModuleJob.run (node:internal/modules/esm/module_job:263:25)
    at async ModuleLoader.import (node:internal/modules/esm/loader:540:24)
    at async asyncRunEntryPointWithESMLoader (node:internal/modules/run_main:117:5)

Node.js v20.19.4
====================
[15:11:20] üîç Verificando logs do systemd:
Sep 03 15:09:55 vlxsam02 systemd[1]: samureye-app.service: Consumed 4.689s CPU time, 79.2M memory peak, 0B memory swap peak.
Sep 03 15:11:05 vlxsam02 systemd[1]: Started samureye-app.service - SamurEye Application Server.
Sep 03 15:11:05 vlxsam02 systemd[1]: samureye-app.service: Main process exited, code=exited, status=1/FAILURE
Sep 03 15:11:05 vlxsam02 systemd[1]: samureye-app.service: Failed with result 'exit-code'.
Sep 03 15:11:05 vlxsam02 systemd[1]: samureye-app.service: Consumed 1.146s CPU time.
Sep 03 15:11:11 vlxsam02 systemd[1]: samureye-app.service: Scheduled restart job, restart counter is at 1.
Sep 03 15:11:11 vlxsam02 systemd[1]: Started samureye-app.service - SamurEye Application Server.
Sep 03 15:11:11 vlxsam02 systemd[1]: samureye-app.service: Main process exited, code=exited, status=1/FAILURE
Sep 03 15:11:11 vlxsam02 systemd[1]: samureye-app.service: Failed with result 'exit-code'.
Sep 03 15:11:11 vlxsam02 systemd[1]: samureye-app.service: Consumed 1.071s CPU time.
Sep 03 15:11:17 vlxsam02 systemd[1]: samureye-app.service: Scheduled restart job, restart counter is at 2.
Sep 03 15:11:17 vlxsam02 systemd[1]: Started samureye-app.service - SamurEye Application Server.
Sep 03 15:11:17 vlxsam02 systemd[1]: samureye-app.service: Main process exited, code=exited, status=1/FAILURE
Sep 03 15:11:17 vlxsam02 systemd[1]: samureye-app.service: Failed with result 'exit-code'.
Sep 03 15:11:17 vlxsam02 systemd[1]: samureye-app.service: Consumed 1.132s CPU time.
Sep 03 15:11:23 vlxsam02 systemd[1]: samureye-app.service: Scheduled restart job, restart counter is at 3.
Sep 03 15:11:23 vlxsam02 systemd[1]: Started samureye-app.service - SamurEye Application Server.
Sep 03 15:11:23 vlxsam02 systemd[1]: samureye-app.service: Main process exited, code=exited, status=1/FAILURE
Sep 03 15:11:23 vlxsam02 systemd[1]: samureye-app.service: Failed with result 'exit-code'.
Sep 03 15:11:23 vlxsam02 systemd[1]: samureye-app.service: Consumed 1.133s CPU time.
[15:11:24] üîç Testando conex√£o PostgreSQL manualmente:
                                                               version
-------------------------------------------------------------------------------------------------------------------------------------
 PostgreSQL 16.10 (Ubuntu 16.10-1.pgdg24.04+1) on x86_64-pc-linux-gnu, compiled by gcc (Ubuntu 13.3.0-6ubuntu2~24.04) 13.3.0, 64-bit
(1 row)

[15:11:24] üîç Testando execu√ß√£o manual da aplica√ß√£o:
file:///opt/samureye/SamurEye/dist/index.js:1728
  app2.get("/api/user", isLocalUserAuthenticated, async (req, res) => {
                        ^

ReferenceError: Cannot access 'isLocalUserAuthenticated' before initialization
    at registerRoutes (file:///opt/samureye/SamurEye/dist/index.js:1728:25)
    at file:///opt/samureye/SamurEye/dist/index.js:2794:24
    at file:///opt/samureye/SamurEye/dist/index.js:2814:3
    at ModuleJob.run (node:internal/modules/esm/module_job:263:25)
    at async ModuleLoader.import (node:internal/modules/esm/loader:540:24)
    at async asyncRunEntryPointWithESMLoader (node:internal/modules/run_main:117:5)

Node.js v20.19.4
[15:11:29] ‚ùå Aplica√ß√£o tamb√©m falha quando executada manualmente
[15:11:29] ERROR: Verificar depend√™ncias e configura√ß√£o do banco de dados
root@vlxsam02:~#